client.ts:19 [vite] connecting...
client.ts:155 [vite] connected.
AssetManager.js:33 Asset not found: /assets/textures/carpet.jpg - using fallback
(anonymous) @ AssetManager.js:33
LoadingManager.itemError @ chunk-BU75RJHU.js?v=cfe79e11:21120
onImageError @ chunk-BU75RJHU.js?v=cfe79e11:21546
AssetManager.js:33 Asset not found: /assets/textures/terrain.jpg - using fallback
(anonymous) @ AssetManager.js:33
LoadingManager.itemError @ chunk-BU75RJHU.js?v=cfe79e11:21120
onImageError @ chunk-BU75RJHU.js?v=cfe79e11:21546
AssetManager.js:213 RangeError: Invalid typed array length: 4
    at new Uint8Array (<anonymous>)
    at GLTFLoader.parse (three_examples_jsm_loaders_GLTFLoader__js.js?v=cfe79e11:256:40)
    at Object.onLoad (three_examples_jsm_loaders_GLTFLoader__js.js?v=cfe79e11:215:15)
    at chunk-BU75RJHU.js?v=cfe79e11:21383:20
_onError @ three_examples_jsm_loaders_GLTFLoader__js.js?v=cfe79e11:203
(anonymous) @ three_examples_jsm_loaders_GLTFLoader__js.js?v=cfe79e11:220
(anonymous) @ chunk-BU75RJHU.js?v=cfe79e11:21383
Promise.then
load @ chunk-BU75RJHU.js?v=cfe79e11:21376
load @ three_examples_jsm_loaders_GLTFLoader__js.js?v=cfe79e11:213
(anonymous) @ AssetManager.js:213
loadModels @ AssetManager.js:212
(anonymous) @ AssetManager.js:177
initialize @ AssetManager.js:174
initialize @ Engine.js?t=1743334709959:79
(anonymous) @ main.js?t=1743334709959:12
AssetManager.js:33 Asset not found: /assets/models/carpet.glb - using fallback
(anonymous) @ AssetManager.js:33
LoadingManager.itemError @ chunk-BU75RJHU.js?v=cfe79e11:21120
_onError @ three_examples_jsm_loaders_GLTFLoader__js.js?v=cfe79e11:205
(anonymous) @ three_examples_jsm_loaders_GLTFLoader__js.js?v=cfe79e11:220
(anonymous) @ chunk-BU75RJHU.js?v=cfe79e11:21383
Promise.then
load @ chunk-BU75RJHU.js?v=cfe79e11:21376
load @ three_examples_jsm_loaders_GLTFLoader__js.js?v=cfe79e11:213
(anonymous) @ AssetManager.js:213
loadModels @ AssetManager.js:212
(anonymous) @ AssetManager.js:177
initialize @ AssetManager.js:174
initialize @ Engine.js?t=1743334709959:79
(anonymous) @ main.js?t=1743334709959:12
AssetManager.js:33 Asset not found: /assets/textures/sky.jpg - using fallback
(anonymous) @ AssetManager.js:33
LoadingManager.itemError @ chunk-BU75RJHU.js?v=cfe79e11:21120
onImageError @ chunk-BU75RJHU.js?v=cfe79e11:21546
AssetManager.js:213 RangeError: Invalid typed array length: 4
    at new Uint8Array (<anonymous>)
    at GLTFLoader.parse (three_examples_jsm_loaders_GLTFLoader__js.js?v=cfe79e11:256:40)
    at Object.onLoad (three_examples_jsm_loaders_GLTFLoader__js.js?v=cfe79e11:215:15)
    at chunk-BU75RJHU.js?v=cfe79e11:21383:20
_onError @ three_examples_jsm_loaders_GLTFLoader__js.js?v=cfe79e11:203
(anonymous) @ three_examples_jsm_loaders_GLTFLoader__js.js?v=cfe79e11:220
(anonymous) @ chunk-BU75RJHU.js?v=cfe79e11:21383
Promise.then
load @ chunk-BU75RJHU.js?v=cfe79e11:21376
load @ three_examples_jsm_loaders_GLTFLoader__js.js?v=cfe79e11:213
(anonymous) @ AssetManager.js:213
loadModels @ AssetManager.js:212
(anonymous) @ AssetManager.js:177
initialize @ AssetManager.js:174
initialize @ Engine.js?t=1743334709959:79
(anonymous) @ main.js?t=1743334709959:12
AssetManager.js:33 Asset not found: /assets/models/mana.glb - using fallback
(anonymous) @ AssetManager.js:33
LoadingManager.itemError @ chunk-BU75RJHU.js?v=cfe79e11:21120
_onError @ three_examples_jsm_loaders_GLTFLoader__js.js?v=cfe79e11:205
(anonymous) @ three_examples_jsm_loaders_GLTFLoader__js.js?v=cfe79e11:220
(anonymous) @ chunk-BU75RJHU.js?v=cfe79e11:21383
Promise.then
load @ chunk-BU75RJHU.js?v=cfe79e11:21376
load @ three_examples_jsm_loaders_GLTFLoader__js.js?v=cfe79e11:213
(anonymous) @ AssetManager.js:213
loadModels @ AssetManager.js:212
(anonymous) @ AssetManager.js:177
initialize @ AssetManager.js:174
initialize @ Engine.js?t=1743334709959:79
(anonymous) @ main.js?t=1743334709959:12
AtmosphereSystem.js:39 Synced Time of Day: 0.46296296296296297
Engine.js?t=1743334709959:114 System initialized: network
WorldSystem.js:227 Initializing WorldSystem...
WorldSystem.js:1463 Creating initial terrain...
WorldSystem.js:248 WorldSystem initialized
Engine.js?t=1743334709959:114 System initialized: world
WaterSystem.js?t=1743334709959:26 Initializing WaterSystem...
WaterSystem.js?t=1743334709959:33 Setting water level to -60 based on terrain
WaterSystem.js?t=1743334709959:39 WaterSystem initialized
Engine.js?t=1743334709959:114 System initialized: water
VegetationSystem.js:83 Initializing VegetationSystem...
VegetationSystem.js:91 VegetationSystem initialized
Engine.js?t=1743334709959:114 System initialized: vegetation
AtmosphereSystem.js:46 Initializing AtmosphereSystem...
AtmosphereSystem.js:112 Created sun light and ambient light
AtmosphereSystem.js:52 AtmosphereSystem: Creating star field...
AtmosphereSystem.js:54 AtmosphereSystem: Initializing star field...
AtmosphereSystem.js:56 AtmosphereSystem: Star field initialized
AtmosphereSystem.js:118 THREE.Material: 'skinning' is not a property of THREE.ShaderMaterial.
setValues @ chunk-BU75RJHU.js?v=cfe79e11:9348
ShaderMaterial @ chunk-BU75RJHU.js?v=cfe79e11:11253
createSky @ AtmosphereSystem.js:118
initialize @ AtmosphereSystem.js:79
await in initialize
initialize @ Engine.js?t=1743334709959:113
await in initialize
(anonymous) @ main.js?t=1743334709959:12
AtmosphereSystem.js:197 Creating procedural clouds...
AtmosphereSystem.js:230 Created cloud 0 at position: _Vector3 {x: -831.6264073638297, y: 642.6914928526959, z: 555.3355009137537}
AtmosphereSystem.js:230 Created cloud 1 at position: _Vector3 {x: 146.10188441385395, y: 600.490625877592, z: -989.2695483894776}
AtmosphereSystem.js:230 Created cloud 2 at position: _Vector3 {x: 90.2332763769961, y: 759.4141956748381, z: -995.9206573991087}
AtmosphereSystem.js:230 Created cloud 3 at position: _Vector3 {x: -683.2191942352054, y: 615.5886020133512, z: -730.213347336651}
AtmosphereSystem.js:230 Created cloud 4 at position: _Vector3 {x: 989.6868741779862, y: 637.9646962974847, z: -143.24765645485053}
AtmosphereSystem.js:230 Created cloud 5 at position: _Vector3 {x: 117.25410461673303, y: 679.2475807236069, z: 993.1019459000814}
AtmosphereSystem.js:230 Created cloud 6 at position: _Vector3 {x: 877.5807220969161, y: 720.3575479714915, z: -479.4289063081775}
AtmosphereSystem.js:230 Created cloud 7 at position: _Vector3 {x: 200.28528097652784, y: 652.9968919087726, z: -979.7376211129964}
AtmosphereSystem.js:230 Created cloud 8 at position: _Vector3 {x: 778.0147855985367, y: 626.7645207690618, z: -628.2459656775067}
AtmosphereSystem.js:230 Created cloud 9 at position: _Vector3 {x: -992.5641860319646, y: 729.7454700103231, z: 121.72237512759743}
AtmosphereSystem.js:230 Created cloud 10 at position: _Vector3 {x: 830.02540599604, y: 663.3849703889755, z: -557.7255825234387}
AtmosphereSystem.js:230 Created cloud 11 at position: _Vector3 {x: -788.9550004283344, y: 703.4380713484566, z: 614.450980387473}
AtmosphereSystem.js:230 Created cloud 12 at position: _Vector3 {x: -923.3208845997449, y: 788.4120227561177, z: 384.02935312544065}
AtmosphereSystem.js:230 Created cloud 13 at position: _Vector3 {x: -755.4215796960077, y: 664.2600280527753, z: -655.2390685311645}
AtmosphereSystem.js:230 Created cloud 14 at position: _Vector3 {x: -200.973619480194, y: 789.8932161219966, z: 979.5966538698619}
AtmosphereSystem.js:230 Created cloud 15 at position: _Vector3 {x: 843.8930536260902, y: 691.7991925861968, z: 536.5114295535864}
AtmosphereSystem.js:230 Created cloud 16 at position: _Vector3 {x: -704.5604101174008, y: 760.4170457414225, z: 709.6440153310673}
AtmosphereSystem.js:230 Created cloud 17 at position: _Vector3 {x: 374.0500533054767, y: 714.5180149861478, z: -927.4085171175484}
AtmosphereSystem.js:230 Created cloud 18 at position: _Vector3 {x: -951.3653938809873, y: 773.9629998878552, z: -308.0647453469383}
AtmosphereSystem.js:230 Created cloud 19 at position: _Vector3 {x: 900.444296261358, y: 617.0795844991626, z: -434.9713431139891}
AtmosphereSystem.js:197 Creating procedural clouds...
AtmosphereSystem.js:230 Created cloud 0 at position: _Vector3 {x: -43.084209093277295, y: 754.6876580681508, z: 999.071444355611}
AtmosphereSystem.js:230 Created cloud 1 at position: _Vector3 {x: 680.5319065845677, y: 789.7818857978842, z: -732.7184480551676}
AtmosphereSystem.js:230 Created cloud 2 at position: _Vector3 {x: 639.7371773745099, y: 713.7110643319, z: 768.5937443701289}
AtmosphereSystem.js:230 Created cloud 3 at position: _Vector3 {x: 531.8273222085967, y: 646.5877022474028, z: -846.8528203604411}
AtmosphereSystem.js:230 Created cloud 4 at position: _Vector3 {x: 847.1680581844178, y: 645.1285562511939, z: 531.3250240597021}
AtmosphereSystem.js:230 Created cloud 5 at position: _Vector3 {x: 490.0970453746774, y: 648.453131632243, z: 871.6678760370899}
AtmosphereSystem.js:230 Created cloud 6 at position: _Vector3 {x: 357.69462243936596, y: 783.7439700003318, z: -933.8386140431115}
AtmosphereSystem.js:230 Created cloud 7 at position: _Vector3 {x: 965.6772099849675, y: 797.9950053765692, z: 259.74511759732655}
AtmosphereSystem.js:230 Created cloud 8 at position: _Vector3 {x: -898.5440934622586, y: 756.5353434305005, z: 438.8832556661143}
AtmosphereSystem.js:230 Created cloud 9 at position: _Vector3 {x: 997.0138444366668, y: 629.6122282933012, z: 77.2230147146433}
AtmosphereSystem.js:230 Created cloud 10 at position: _Vector3 {x: -991.6180461767045, y: 712.2793248742955, z: -129.20391053174396}
AtmosphereSystem.js:230 Created cloud 11 at position: _Vector3 {x: -293.96926271822406, y: 677.4027920649952, z: 955.814873590542}
AtmosphereSystem.js:230 Created cloud 12 at position: _Vector3 {x: -737.6235996187767, y: 763.2628983321476, z: 675.2121335442948}
AtmosphereSystem.js:230 Created cloud 13 at position: _Vector3 {x: 919.6318404270934, y: 709.4866372190472, z: -392.781463504424}
AtmosphereSystem.js:230 Created cloud 14 at position: _Vector3 {x: 983.9960637025378, y: 621.2423060919384, z: -178.19019787269804}
AtmosphereSystem.js:230 Created cloud 15 at position: _Vector3 {x: -696.5597920353393, y: 705.7858821787452, z: -717.4987499080991}
AtmosphereSystem.js:230 Created cloud 16 at position: _Vector3 {x: 721.0583685973165, y: 659.8026067525805, z: -692.8743241568246}
AtmosphereSystem.js:230 Created cloud 17 at position: _Vector3 {x: -993.7193418945799, y: 640.779600479684, z: 111.90115971071543}
AtmosphereSystem.js:230 Created cloud 18 at position: _Vector3 {x: 974.3553183479372, y: 721.1115987209804, z: -225.01491863227645}
AtmosphereSystem.js:230 Created cloud 19 at position: _Vector3 {x: -183.53043380278746, y: 672.4076724586712, z: 983.0140283170738}
AtmosphereSystem.js:87 AtmosphereSystem initialized
Engine.js?t=1743334709959:114 System initialized: atmosphere
PlayerModels.js:46 Created 6 carpet models
PlayerSpells.js:22 Spell system initialized
PlayerSystem.js:49 Player system initialized
Engine.js?t=1743334709959:114 System initialized: player
UISystem.js:182 Minimap functionality moved to MinimapSystem
UISystem.js:15 UI system initialized
Engine.js?t=1743334709959:114 System initialized: ui
CarpetTrailSystem.js:105 Initializing CarpetTrailSystem
Engine.js?t=1743334709959:114 System initialized: carpetTrail
LandmarkSystem.js:76 Initializing LandmarkSystem...
LandmarkSystem.js:80 LandmarkSystem initialized
Engine.js?t=1743334709959:114 System initialized: landmarks
MinimapSystem.js:39 Initializing MinimapSystem...
MinimapSystem.js:52 MinimapSystem initialized
Engine.js?t=1743334709959:114 System initialized: minimap
Engine.js?t=1743334709959:128 Engine initialized successfully
main.js?t=1743334709959:14 Magical Vibe Carpet initialized successfully!
main.js?t=1743334709959:15 Use window.getPerformanceReport() to view performance metrics
AssetManager.js:227 EncodingError: Unable to decode audio data
handleError @ chunk-BU75RJHU.js?v=cfe79e11:23882
Promise.catch
(anonymous) @ chunk-BU75RJHU.js?v=cfe79e11:23873
(anonymous) @ chunk-BU75RJHU.js?v=cfe79e11:21383
Promise.then
load @ chunk-BU75RJHU.js?v=cfe79e11:21376
load @ chunk-BU75RJHU.js?v=cfe79e11:23867
(anonymous) @ AssetManager.js:227
loadAudio @ AssetManager.js:226
(anonymous) @ AssetManager.js:178
initialize @ AssetManager.js:174
initialize @ Engine.js?t=1743334709959:79
(anonymous) @ main.js?t=1743334709959:12
AssetManager.js:33 Asset not found: /assets/audio/background.mp3 - using fallback
(anonymous) @ AssetManager.js:33
LoadingManager.itemError @ chunk-BU75RJHU.js?v=cfe79e11:21120
handleError @ chunk-BU75RJHU.js?v=cfe79e11:23884
Promise.catch
(anonymous) @ chunk-BU75RJHU.js?v=cfe79e11:23873
(anonymous) @ chunk-BU75RJHU.js?v=cfe79e11:21383
Promise.then
load @ chunk-BU75RJHU.js?v=cfe79e11:21376
load @ chunk-BU75RJHU.js?v=cfe79e11:23867
(anonymous) @ AssetManager.js:227
loadAudio @ AssetManager.js:226
(anonymous) @ AssetManager.js:178
initialize @ AssetManager.js:174
initialize @ Engine.js?t=1743334709959:79
(anonymous) @ main.js?t=1743334709959:12
AssetManager.js:227 EncodingError: Unable to decode audio data
handleError @ chunk-BU75RJHU.js?v=cfe79e11:23882
Promise.catch
(anonymous) @ chunk-BU75RJHU.js?v=cfe79e11:23873
(anonymous) @ chunk-BU75RJHU.js?v=cfe79e11:21383
Promise.then
load @ chunk-BU75RJHU.js?v=cfe79e11:21376
load @ chunk-BU75RJHU.js?v=cfe79e11:23867
(anonymous) @ AssetManager.js:227
loadAudio @ AssetManager.js:226
(anonymous) @ AssetManager.js:178
initialize @ AssetManager.js:174
initialize @ Engine.js?t=1743334709959:79
(anonymous) @ main.js?t=1743334709959:12
AssetManager.js:33 Asset not found: /assets/audio/collect.mp3 - using fallback
(anonymous) @ AssetManager.js:33
LoadingManager.itemError @ chunk-BU75RJHU.js?v=cfe79e11:21120
handleError @ chunk-BU75RJHU.js?v=cfe79e11:23884
Promise.catch
(anonymous) @ chunk-BU75RJHU.js?v=cfe79e11:23873
(anonymous) @ chunk-BU75RJHU.js?v=cfe79e11:21383
Promise.then
load @ chunk-BU75RJHU.js?v=cfe79e11:21376
load @ chunk-BU75RJHU.js?v=cfe79e11:23867
(anonymous) @ AssetManager.js:227
loadAudio @ AssetManager.js:226
(anonymous) @ AssetManager.js:178
initialize @ AssetManager.js:174
initialize @ Engine.js?t=1743334709959:79
(anonymous) @ main.js?t=1743334709959:12
AssetManager.js:227 EncodingError: Unable to decode audio data
handleError @ chunk-BU75RJHU.js?v=cfe79e11:23882
Promise.catch
(anonymous) @ chunk-BU75RJHU.js?v=cfe79e11:23873
(anonymous) @ chunk-BU75RJHU.js?v=cfe79e11:21383
Promise.then
load @ chunk-BU75RJHU.js?v=cfe79e11:21376
load @ chunk-BU75RJHU.js?v=cfe79e11:23867
(anonymous) @ AssetManager.js:227
loadAudio @ AssetManager.js:226
(anonymous) @ AssetManager.js:178
initialize @ AssetManager.js:174
initialize @ Engine.js?t=1743334709959:79
(anonymous) @ main.js?t=1743334709959:12
AssetManager.js:33 Asset not found: /assets/audio/spell.mp3 - using fallback
(anonymous) @ AssetManager.js:33
LoadingManager.itemError @ chunk-BU75RJHU.js?v=cfe79e11:21120
handleError @ chunk-BU75RJHU.js?v=cfe79e11:23884
Promise.catch
(anonymous) @ chunk-BU75RJHU.js?v=cfe79e11:23873
(anonymous) @ chunk-BU75RJHU.js?v=cfe79e11:21383
Promise.then
load @ chunk-BU75RJHU.js?v=cfe79e11:21376
load @ chunk-BU75RJHU.js?v=cfe79e11:23867
(anonymous) @ AssetManager.js:227
loadAudio @ AssetManager.js:226
(anonymous) @ AssetManager.js:178
initialize @ AssetManager.js:174
initialize @ Engine.js?t=1743334709959:79
(anonymous) @ main.js?t=1743334709959:12
PlayerSystem.js:94 Local player created with ID: player_1876
PlayerSystem.js:127 Network player created with ID: player_ai_1
PlayerSystem.js:127 Network player created with ID: player_ai_2
NetworkManager.js:39 Network simulation initialized
CarpetTrailSystem.js:43 Resetting carpet trail system
CarpetTrailSystem.js:43 Resetting carpet trail system
Engine.js?t=1743334709959:203 Game visibility restored
VegetationSystem.js:996 Reducing vegetation density to 0.90 due to very low FPS (1.0 FPS, 175410 triangles)
[Violation] 'requestAnimationFrame' handler took <N>ms
[Violation] 'requestAnimationFrame' handler took <N>ms
[Violation] 'requestAnimationFrame' handler took <N>ms
[Violation] 'requestAnimationFrame' handler took <N>ms
[Violation] 'requestAnimationFrame' handler took <N>ms
[Violation] 'requestAnimationFrame' handler took <N>ms
[Violation] 'requestAnimationFrame' handler took <N>ms
[Violation] 'requestAnimationFrame' handler took <N>ms
[Violation] 'requestAnimationFrame' handler took <N>ms
[Violation] 'requestAnimationFrame' handler took <N>ms
[Violation] 'requestAnimationFrame' handler took <N>ms
[Violation] 'requestAnimationFrame' handler took <N>ms
[Violation] 'requestAnimationFrame' handler took <N>ms
[Violation] 'requestAnimationFrame' handler took <N>ms
[Violation] 'requestAnimationFrame' handler took <N>ms
[Violation] 'requestAnimationFrame' handler took <N>ms
[Violation] 'requestAnimationFrame' handler took <N>ms
[Violation] 'requestAnimationFrame' handler took <N>ms
[Violation] 'requestAnimationFrame' handler took <N>ms
[Violation] 'requestAnimationFrame' handler took <N>ms
[Violation] 'requestAnimationFrame' handler took <N>ms
[Violation] 'requestAnimationFrame' handler took <N>ms
[Violation] 'requestAnimationFrame' handler took <N>ms
[Violation] 'requestAnimationFrame' handler took <N>ms
[Violation] 'requestAnimationFrame' handler took <N>ms
[Violation] 'requestAnimationFrame' handler took <N>ms
[Violation] 'requestAnimationFrame' handler took <N>ms
[Violation] 'requestAnimationFrame' handler took <N>ms
[Violation] 'requestAnimationFrame' handler took <N>ms
[Violation] 'requestAnimationFrame' handler took <N>ms
[Violation] 'requestAnimationFrame' handler took <N>ms
[Violation] 'requestAnimationFrame' handler took <N>ms
[Violation] 'requestAnimationFrame' handler took <N>ms
[Violation] 'requestAnimationFrame' handler took <N>ms
[Violation] 'requestAnimationFrame' handler took <N>ms
[Violation] 'requestAnimationFrame' handler took <N>ms
[Violation] 'requestAnimationFrame' handler took <N>ms
[Violation] 'requestAnimationFrame' handler took <N>ms
[Violation] 'requestAnimationFrame' handler took <N>ms
[Violation] 'requestAnimationFrame' handler took <N>ms
[Violation] 'requestAnimationFrame' handler took <N>ms
[Violation] 'requestAnimationFrame' handler took <N>ms
[Violation] 'requestAnimationFrame' handler took <N>ms
[Violation] 'requestAnimationFrame' handler took <N>ms
[Violation] 'requestAnimationFrame' handler took <N>ms
[Violation] 'requestAnimationFrame' handler took <N>ms
[Violation] 'requestAnimationFrame' handler took <N>ms
[Violation] 'requestAnimationFrame' handler took <N>ms
[Violation] 'requestAnimationFrame' handler took <N>ms
[Violation] 'requestAnimationFrame' handler took <N>ms
[Violation] 'requestAnimationFrame' handler took <N>ms
[Violation] 'requestAnimationFrame' handler took <N>ms
[Violation] 'requestAnimationFrame' handler took <N>ms
[Violation] 'requestAnimationFrame' handler took <N>ms
[Violation] 'requestAnimationFrame' handler took <N>ms
[Violation] 'requestAnimationFrame' handler took <N>ms
[Violation] 'requestAnimationFrame' handler took <N>ms
[Violation] 'requestAnimationFrame' handler took <N>ms
[Violation] 'requestAnimationFrame' handler took <N>ms
[Violation] 'requestAnimationFrame' handler took <N>ms
[Violation] 'requestAnimationFrame' handler took <N>ms
[Violation] 'requestAnimationFrame' handler took <N>ms
[Violation] 'requestAnimationFrame' handler took <N>ms
[Violation] 'requestAnimationFrame' handler took <N>ms
[Violation] 'requestAnimationFrame' handler took <N>ms
[Violation] 'requestAnimationFrame' handler took <N>ms
[Violation] 'requestAnimationFrame' handler took <N>ms
[Violation] 'requestAnimationFrame' handler took <N>ms
[Violation] 'requestAnimationFrame' handler took <N>ms
[Violation] 'requestAnimationFrame' handler took <N>ms
[Violation] 'requestAnimationFrame' handler took <N>ms
[Violation] 'requestAnimationFrame' handler took <N>ms
[Violation] 'requestAnimationFrame' handler took <N>ms
[Violation] 'requestAnimationFrame' handler took <N>ms
[Violation] 'requestAnimationFrame' handler took <N>ms
[Violation] 'requestAnimationFrame' handler took <N>ms
[Violation] 'requestAnimationFrame' handler took <N>ms
[Violation] 'requestAnimationFrame' handler took <N>ms
[Violation] 'requestAnimationFrame' handler took <N>ms
[Violation] 'requestAnimationFrame' handler took <N>ms
[Violation] 'requestAnimationFrame' handler took <N>ms
[Violation] 'requestAnimationFrame' handler took <N>ms
[Violation] 'requestAnimationFrame' handler took <N>ms
[Violation] 'requestAnimationFrame' handler took <N>ms
[Violation] 'requestAnimationFrame' handler took <N>ms
[Violation] 'requestAnimationFrame' handler took <N>ms
[Violation] 'requestAnimationFrame' handler took <N>ms
[Violation] 'requestAnimationFrame' handler took <N>ms
[Violation] 'requestAnimationFrame' handler took <N>ms
[Violation] 'requestAnimationFrame' handler took <N>ms
[Violation] 'requestAnimationFrame' handler took <N>ms
[Violation] 'requestAnimationFrame' handler took <N>ms
[Violation] 'requestAnimationFrame' handler took <N>ms
[Violation] 'requestAnimationFrame' handler took <N>ms
[Violation] 'requestAnimationFrame' handler took <N>ms
[Violation] 'requestAnimationFrame' handler took <N>ms
[Violation] 'requestAnimationFrame' handler took <N>ms
[Violation] 'requestAnimationFrame' handler took <N>ms
[Violation] 'requestAnimationFrame' handler took <N>ms
[Violation] 'requestAnimationFrame' handler took <N>ms
[Violation] 'requestAnimationFrame' handler took <N>ms
[Violation] 'requestAnimationFrame' handler took <N>ms
[Violation] 'requestAnimationFrame' handler took <N>ms
[Violation] 'requestAnimationFrame' handler took <N>ms
[Violation] 'requestAnimationFrame' handler took <N>ms
[Violation] 'requestAnimationFrame' handler took <N>ms
[Violation] 'requestAnimationFrame' handler took <N>ms
[Violation] 'requestAnimationFrame' handler took <N>ms
[Violation] 'requestAnimationFrame' handler took <N>ms
[Violation] 'requestAnimationFrame' handler took <N>ms
[Violation] 'requestAnimationFrame' handler took <N>ms
[Violation] 'requestAnimationFrame' handler took <N>ms
[Violation] 'requestAnimationFrame' handler took <N>ms
[Violation] 'requestAnimationFrame' handler took <N>ms
[Violation] 'requestAnimationFrame' handler took <N>ms
[Violation] 'requestAnimationFrame' handler took <N>ms
[Violation] 'requestAnimationFrame' handler took <N>ms
[Violation] 'requestAnimationFrame' handler took <N>ms
[Violation] 'requestAnimationFrame' handler took <N>ms
[Violation] 'requestAnimationFrame' handler took <N>ms
[Violation] 'requestAnimationFrame' handler took <N>ms
[Violation] 'requestAnimationFrame' handler took <N>ms
[Violation] 'requestAnimationFrame' handler took <N>ms
[Violation] 'requestAnimationFrame' handler took <N>ms
[Violation] 'requestAnimationFrame' handler took <N>ms
[Violation] 'requestAnimationFrame' handler took <N>ms
[Violation] 'requestAnimationFrame' handler took <N>ms
[Violation] 'requestAnimationFrame' handler took <N>ms
[Violation] 'requestAnimationFrame' handler took <N>ms
[Violation] 'requestAnimationFrame' handler took <N>ms
[Violation] 'requestAnimationFrame' handler took <N>ms
[Violation] 'requestAnimationFrame' handler took <N>ms
[Violation] 'requestAnimationFrame' handler took <N>ms
[Violation] 'requestAnimationFrame' handler took <N>ms
[Violation] 'requestAnimationFrame' handler took <N>ms
[Violation] 'requestAnimationFrame' handler took <N>ms
[Violation] 'requestAnimationFrame' handler took <N>ms
[Violation] 'requestAnimationFrame' handler took <N>ms
[Violation] 'requestAnimationFrame' handler took <N>ms
[Violation] 'requestAnimationFrame' handler took <N>ms
[Violation] 'requestAnimationFrame' handler took <N>ms
[Violation] 'requestAnimationFrame' handler took <N>ms
[Violation] 'requestAnimationFrame' handler took <N>ms
[Violation] 'requestAnimationFrame' handler took <N>ms
[Violation] 'requestAnimationFrame' handler took <N>ms
[Violation] 'requestAnimationFrame' handler took <N>ms
[Violation] 'requestAnimationFrame' handler took <N>ms
[Violation] 'requestAnimationFrame' handler took <N>ms
[Violation] 'requestAnimationFrame' handler took <N>ms
[Violation] 'requestAnimationFrame' handler took <N>ms
[Violation] 'requestAnimationFrame' handler took <N>ms
[Violation] 'requestAnimationFrame' handler took <N>ms
[Violation] 'requestAnimationFrame' handler took <N>ms
[Violation] 'requestAnimationFrame' handler took <N>ms
[Violation] 'requestAnimationFrame' handler took <N>ms
[Violation] 'requestAnimationFrame' handler took <N>ms
[Violation] 'requestAnimationFrame' handler took <N>ms
[Violation] 'requestAnimationFrame' handler took <N>ms
[Violation] 'requestAnimationFrame' handler took <N>ms
[Violation] 'requestAnimationFrame' handler took <N>ms
[Violation] 'requestAnimationFrame' handler took <N>ms
[Violation] 'requestAnimationFrame' handler took <N>ms
[Violation] 'requestAnimationFrame' handler took <N>ms
[Violation] 'requestAnimationFrame' handler took <N>ms
[Violation] 'requestAnimationFrame' handler took <N>ms
[Violation] 'requestAnimationFrame' handler took <N>ms
[Violation] 'requestAnimationFrame' handler took <N>ms
[Violation] 'requestAnimationFrame' handler took <N>ms
[Violation] 'requestAnimationFrame' handler took <N>ms
[Violation] 'requestAnimationFrame' handler took <N>ms
[Violation] 'requestAnimationFrame' handler took <N>ms
[Violation] 'requestAnimationFrame' handler took <N>ms
[Violation] 'requestAnimationFrame' handler took <N>ms
[Violation] 'requestAnimationFrame' handler took <N>ms
[Violation] 'requestAnimationFrame' handler took <N>ms
[Violation] 'requestAnimationFrame' handler took <N>ms
[Violation] 'requestAnimationFrame' handler took <N>ms
[Violation] 'requestAnimationFrame' handler took <N>ms
[Violation] 'requestAnimationFrame' handler took <N>ms
[Violation] 'requestAnimationFrame' handler took <N>ms
[Violation] 'requestAnimationFrame' handler took <N>ms
[Violation] 'requestAnimationFrame' handler took <N>ms
[Violation] 'requestAnimationFrame' handler took <N>ms
[Violation] 'requestAnimationFrame' handler took <N>ms
[Violation] 'requestAnimationFrame' handler took <N>ms
[Violation] 'requestAnimationFrame' handler took <N>ms
[Violation] 'requestAnimationFrame' handler took <N>ms
[Violation] 'requestAnimationFrame' handler took <N>ms
[Violation] 'requestAnimationFrame' handler took <N>ms
[Violation] 'requestAnimationFrame' handler took <N>ms
[Violation] 'requestAnimationFrame' handler took <N>ms
[Violation] 'requestAnimationFrame' handler took <N>ms
[Violation] 'requestAnimationFrame' handler took <N>ms
[Violation] 'requestAnimationFrame' handler took <N>ms
[Violation] 'requestAnimationFrame' handler took <N>ms
[Violation] 'requestAnimationFrame' handler took <N>ms
[Violation] 'requestAnimationFrame' handler took <N>ms
[Violation] 'requestAnimationFrame' handler took <N>ms
[Violation] 'requestAnimationFrame' handler took <N>ms
[Violation] 'requestAnimationFrame' handler took <N>ms
[Violation] 'requestAnimationFrame' handler took <N>ms
[Violation] 'requestAnimationFrame' handler took <N>ms
[Violation] 'requestAnimationFrame' handler took <N>ms
[Violation] 'requestAnimationFrame' handler took <N>ms
[Violation] 'requestAnimationFrame' handler took <N>ms
[Violation] 'requestAnimationFrame' handler took <N>ms
[Violation] 'requestAnimationFrame' handler took <N>ms
[Violation] 'requestAnimationFrame' handler took <N>ms
[Violation] 'requestAnimationFrame' handler took <N>ms
[Violation] 'requestAnimationFrame' handler took <N>ms
[Violation] 'requestAnimationFrame' handler took <N>ms
[Violation] 'requestAnimationFrame' handler took <N>ms
[Violation] 'requestAnimationFrame' handler took <N>ms
[Violation] 'requestAnimationFrame' handler took <N>ms
[Violation] 'requestAnimationFrame' handler took <N>ms
[Violation] 'requestAnimationFrame' handler took <N>ms
[Violation] 'requestAnimationFrame' handler took <N>ms
[Violation] 'requestAnimationFrame' handler took <N>ms
[Violation] 'requestAnimationFrame' handler took <N>ms
[Violation] 'requestAnimationFrame' handler took <N>ms
[Violation] 'requestAnimationFrame' handler took <N>ms
[Violation] 'requestAnimationFrame' handler took <N>ms
[Violation] 'requestAnimationFrame' handler took <N>ms
[Violation] 'requestAnimationFrame' handler took <N>ms
[Violation] 'requestAnimationFrame' handler took <N>ms
[Violation] 'requestAnimationFrame' handler took <N>ms
[Violation] 'requestAnimationFrame' handler took <N>ms
[Violation] 'requestAnimationFrame' handler took <N>ms
[Violation] 'requestAnimationFrame' handler took <N>ms
[Violation] 'requestAnimationFrame' handler took <N>ms
[Violation] 'requestAnimationFrame' handler took <N>ms
[Violation] 'requestAnimationFrame' handler took <N>ms
[Violation] 'requestAnimationFrame' handler took <N>ms
[Violation] 'requestAnimationFrame' handler took <N>ms
[Violation] 'requestAnimationFrame' handler took <N>ms
[Violation] 'requestAnimationFrame' handler took <N>ms
[Violation] 'requestAnimationFrame' handler took <N>ms
[Violation] 'requestAnimationFrame' handler took <N>ms
[Violation] 'requestAnimationFrame' handler took <N>ms
[Violation] 'requestAnimationFrame' handler took <N>ms
[Violation] 'requestAnimationFrame' handler took <N>ms
[Violation] 'requestAnimationFrame' handler took <N>ms
[Violation] 'requestAnimationFrame' handler took <N>ms
[Violation] 'requestAnimationFrame' handler took <N>ms
[Violation] 'requestAnimationFrame' handler took <N>ms
[Violation] 'requestAnimationFrame' handler took <N>ms
[Violation] 'requestAnimationFrame' handler took <N>ms
[Violation] 'requestAnimationFrame' handler took <N>ms
[Violation] 'requestAnimationFrame' handler took <N>ms
[Violation] 'requestAnimationFrame' handler took <N>ms
[Violation] 'requestAnimationFrame' handler took <N>ms
[Violation] 'requestAnimationFrame' handler took <N>ms
[Violation] 'requestAnimationFrame' handler took <N>ms
[Violation] 'requestAnimationFrame' handler took <N>ms
[Violation] 'requestAnimationFrame' handler took <N>ms
[Violation] 'requestAnimationFrame' handler took <N>ms
[Violation] 'requestAnimationFrame' handler took <N>ms
[Violation] 'requestAnimationFrame' handler took <N>ms
[Violation] 'requestAnimationFrame' handler took <N>ms
[Violation] 'requestAnimationFrame' handler took <N>ms
[Violation] 'requestAnimationFrame' handler took <N>ms
[Violation] 'requestAnimationFrame' handler took <N>ms
[Violation] 'requestAnimationFrame' handler took <N>ms
[Violation] 'requestAnimationFrame' handler took <N>ms
[Violation] 'requestAnimationFrame' handler took <N>ms
[Violation] 'requestAnimationFrame' handler took <N>ms
[Violation] 'requestAnimationFrame' handler took <N>ms
[Violation] 'requestAnimationFrame' handler took <N>ms
[Violation] 'requestAnimationFrame' handler took <N>ms
[Violation] 'requestAnimationFrame' handler took <N>ms
[Violation] 'requestAnimationFrame' handler took <N>ms
[Violation] 'requestAnimationFrame' handler took <N>ms
[Violation] 'requestAnimationFrame' handler took <N>ms
[Violation] 'requestAnimationFrame' handler took <N>ms
[Violation] 'requestAnimationFrame' handler took <N>ms
[Violation] 'requestAnimationFrame' handler took <N>ms
[Violation] 'requestAnimationFrame' handler took <N>ms
[Violation] 'requestAnimationFrame' handler took <N>ms
[Violation] 'requestAnimationFrame' handler took <N>ms
[Violation] 'requestAnimationFrame' handler took <N>ms
[Violation] 'requestAnimationFrame' handler took <N>ms
[Violation] 'requestAnimationFrame' handler took <N>ms
[Violation] 'requestAnimationFrame' handler took <N>ms
[Violation] 'requestAnimationFrame' handler took <N>ms
[Violation] 'requestAnimationFrame' handler took <N>ms
[Violation] 'requestAnimationFrame' handler took <N>ms
[Violation] 'requestAnimationFrame' handler took <N>ms
[Violation] 'requestAnimationFrame' handler took <N>ms
[Violation] 'requestAnimationFrame' handler took <N>ms
[Violation] 'requestAnimationFrame' handler took <N>ms
[Violation] 'requestAnimationFrame' handler took <N>ms
[Violation] 'requestAnimationFrame' handler took <N>ms
[Violation] 'requestAnimationFrame' handler took <N>ms
[Violation] 'requestAnimationFrame' handler took <N>ms
[Violation] 'requestAnimationFrame' handler took <N>ms
[Violation] 'requestAnimationFrame' handler took <N>ms
[Violation] 'requestAnimationFrame' handler took <N>ms
[Violation] 'requestAnimationFrame' handler took <N>ms
[Violation] 'requestAnimationFrame' handler took <N>ms
[Violation] 'requestAnimationFrame' handler took <N>ms
[Violation] 'requestAnimationFrame' handler took <N>ms
[Violation] 'requestAnimationFrame' handler took <N>ms
[Violation] 'requestAnimationFrame' handler took <N>ms
[Violation] 'requestAnimationFrame' handler took <N>ms
[Violation] 'requestAnimationFrame' handler took <N>ms
[Violation] 'requestAnimationFrame' handler took <N>ms
[Violation] 'requestAnimationFrame' handler took <N>ms
[Violation] 'requestAnimationFrame' handler took <N>ms
[Violation] 'requestAnimationFrame' handler took <N>ms
[Violation] 'requestAnimationFrame' handler took <N>ms
[Violation] 'requestAnimationFrame' handler took <N>ms
[Violation] 'requestAnimationFrame' handler took <N>ms
[Violation] 'requestAnimationFrame' handler took <N>ms
[Violation] 'requestAnimationFrame' handler took <N>ms
[Violation] 'requestAnimationFrame' handler took <N>ms
[Violation] 'requestAnimationFrame' handler took <N>ms
[Violation] 'requestAnimationFrame' handler took <N>ms
[Violation] 'requestAnimationFrame' handler took <N>ms
[Violation] 'requestAnimationFrame' handler took <N>ms
[Violation] 'requestAnimationFrame' handler took <N>ms
[Violation] 'requestAnimationFrame' handler took <N>ms
[Violation] 'requestAnimationFrame' handler took <N>ms
[Violation] 'requestAnimationFrame' handler took <N>ms
[Violation] 'requestAnimationFrame' handler took <N>ms
[Violation] 'requestAnimationFrame' handler took <N>ms
[Violation] 'requestAnimationFrame' handler took <N>ms
[Violation] 'requestAnimationFrame' handler took <N>ms
[Violation] 'requestAnimationFrame' handler took <N>ms
[Violation] 'requestAnimationFrame' handler took <N>ms
[Violation] 'requestAnimationFrame' handler took <N>ms
[Violation] 'requestAnimationFrame' handler took <N>ms
[Violation] 'requestAnimationFrame' handler took <N>ms
[Violation] 'requestAnimationFrame' handler took <N>ms
[Violation] 'requestAnimationFrame' handler took <N>ms
[Violation] 'requestAnimationFrame' handler took <N>ms
[Violation] 'requestAnimationFrame' handler took <N>ms
[Violation] 'requestAnimationFrame' handler took <N>ms
[Violation] 'requestAnimationFrame' handler took <N>ms
[Violation] 'requestAnimationFrame' handler took <N>ms
[Violation] 'requestAnimationFrame' handler took <N>ms
[Violation] 'requestAnimationFrame' handler took <N>ms
[Violation] 'requestAnimationFrame' handler took <N>ms
[Violation] 'requestAnimationFrame' handler took <N>ms
[Violation] 'requestAnimationFrame' handler took <N>ms
[Violation] 'requestAnimationFrame' handler took <N>ms
[Violation] 'requestAnimationFrame' handler took <N>ms
[Violation] 'requestAnimationFrame' handler took <N>ms
[Violation] 'requestAnimationFrame' handler took <N>ms
[Violation] 'requestAnimationFrame' handler took <N>ms
[Violation] 'requestAnimationFrame' handler took <N>ms
[Violation] 'requestAnimationFrame' handler took <N>ms
[Violation] 'requestAnimationFrame' handler took <N>ms
[Violation] 'requestAnimationFrame' handler took <N>ms
[Violation] 'requestAnimationFrame' handler took <N>ms
[Violation] 'requestAnimationFrame' handler took <N>ms
[Violation] 'requestAnimationFrame' handler took <N>ms
[Violation] 'requestAnimationFrame' handler took <N>ms
[Violation] 'requestAnimationFrame' handler took <N>ms
[Violation] 'requestAnimationFrame' handler took <N>ms
[Violation] 'requestAnimationFrame' handler took <N>ms
[Violation] 'requestAnimationFrame' handler took <N>ms
[Violation] 'requestAnimationFrame' handler took <N>ms
[Violation] 'requestAnimationFrame' handler took <N>ms
[Violation] 'requestAnimationFrame' handler took <N>ms
[Violation] 'requestAnimationFrame' handler took <N>ms
[Violation] 'requestAnimationFrame' handler took <N>ms
[Violation] 'requestAnimationFrame' handler took <N>ms
[Violation] 'requestAnimationFrame' handler took <N>ms
[Violation] 'requestAnimationFrame' handler took <N>ms
[Violation] 'requestAnimationFrame' handler took <N>ms
[Violation] 'requestAnimationFrame' handler took <N>ms
[Violation] 'requestAnimationFrame' handler took <N>ms
[Violation] 'requestAnimationFrame' handler took <N>ms
[Violation] 'requestAnimationFrame' handler took <N>ms
[Violation] 'requestAnimationFrame' handler took <N>ms
[Violation] 'requestAnimationFrame' handler took <N>ms
[Violation] 'requestAnimationFrame' handler took <N>ms
[Violation] 'requestAnimationFrame' handler took <N>ms
[Violation] 'requestAnimationFrame' handler took <N>ms
[Violation] 'requestAnimationFrame' handler took <N>ms
[Violation] 'requestAnimationFrame' handler took <N>ms
[Violation] 'requestAnimationFrame' handler took <N>ms
[Violation] 'requestAnimationFrame' handler took <N>ms
[Violation] 'requestAnimationFrame' handler took <N>ms
[Violation] 'requestAnimationFrame' handler took <N>ms
[Violation] 'requestAnimationFrame' handler took <N>ms
[Violation] 'requestAnimationFrame' handler took <N>ms
[Violation] 'requestAnimationFrame' handler took <N>ms
[Violation] 'requestAnimationFrame' handler took <N>ms
[Violation] 'requestAnimationFrame' handler took <N>ms
[Violation] 'requestAnimationFrame' handler took <N>ms
[Violation] 'requestAnimationFrame' handler took <N>ms
[Violation] 'requestAnimationFrame' handler took <N>ms
[Violation] 'requestAnimationFrame' handler took <N>ms
[Violation] 'requestAnimationFrame' handler took <N>ms
[Violation] 'requestAnimationFrame' handler took <N>ms
[Violation] 'requestAnimationFrame' handler took <N>ms
[Violation] 'requestAnimationFrame' handler took <N>ms
[Violation] 'requestAnimationFrame' handler took <N>ms
[Violation] 'requestAnimationFrame' handler took <N>ms
[Violation] 'requestAnimationFrame' handler took <N>ms
[Violation] 'requestAnimationFrame' handler took <N>ms
[Violation] 'requestAnimationFrame' handler took <N>ms
[Violation] 'requestAnimationFrame' handler took <N>ms
[Violation] 'requestAnimationFrame' handler took <N>ms
[Violation] 'requestAnimationFrame' handler took <N>ms
[Violation] 'requestAnimationFrame' handler took <N>ms
[Violation] 'requestAnimationFrame' handler took <N>ms
[Violation] 'requestAnimationFrame' handler took <N>ms
[Violation] 'requestAnimationFrame' handler took <N>ms
[Violation] 'requestAnimationFrame' handler took <N>ms
[Violation] 'requestAnimationFrame' handler took <N>ms
[Violation] 'requestAnimationFrame' handler took <N>ms
[Violation] 'requestAnimationFrame' handler took <N>ms
[Violation] 'requestAnimationFrame' handler took <N>ms
[Violation] 'requestAnimationFrame' handler took <N>ms
[Violation] 'requestAnimationFrame' handler took <N>ms
[Violation] 'requestAnimationFrame' handler took <N>ms
[Violation] 'requestAnimationFrame' handler took <N>ms
[Violation] 'requestAnimationFrame' handler took <N>ms
[Violation] 'requestAnimationFrame' handler took <N>ms
[Violation] 'requestAnimationFrame' handler took <N>ms
[Violation] 'requestAnimationFrame' handler took <N>ms
[Violation] 'requestAnimationFrame' handler took <N>ms
[Violation] 'requestAnimationFrame' handler took <N>ms
[Violation] 'requestAnimationFrame' handler took <N>ms
[Violation] 'requestAnimationFrame' handler took <N>ms
[Violation] 'requestAnimationFrame' handler took <N>ms
[Violation] 'requestAnimationFrame' handler took <N>ms
[Violation] 'requestAnimationFrame' handler took <N>ms
[Violation] 'requestAnimationFrame' handler took <N>ms
[Violation] 'requestAnimationFrame' handler took <N>ms
[Violation] 'requestAnimationFrame' handler took <N>ms
[Violation] 'requestAnimationFrame' handler took <N>ms
[Violation] 'requestAnimationFrame' handler took <N>ms
[Violation] 'requestAnimationFrame' handler took <N>ms
[Violation] 'requestAnimationFrame' handler took <N>ms
[Violation] 'requestAnimationFrame' handler took <N>ms
[Violation] 'requestAnimationFrame' handler took <N>ms
[Violation] 'requestAnimationFrame' handler took <N>ms
[Violation] 'requestAnimationFrame' handler took <N>ms
[Violation] 'requestAnimationFrame' handler took <N>ms
[Violation] 'requestAnimationFrame' handler took <N>ms
[Violation] 'requestAnimationFrame' handler took <N>ms
[Violation] 'requestAnimationFrame' handler took <N>ms
[Violation] 'requestAnimationFrame' handler took <N>ms
[Violation] 'requestAnimationFrame' handler took <N>ms
[Violation] 'requestAnimationFrame' handler took <N>ms
[Violation] 'requestAnimationFrame' handler took <N>ms
[Violation] 'requestAnimationFrame' handler took <N>ms
[Violation] 'requestAnimationFrame' handler took <N>ms
[Violation] 'requestAnimationFrame' handler took <N>ms
[Violation] 'requestAnimationFrame' handler took <N>ms
[Violation] 'requestAnimationFrame' handler took <N>ms
[Violation] 'requestAnimationFrame' handler took <N>ms
[Violation] 'requestAnimationFrame' handler took <N>ms
[Violation] 'requestAnimationFrame' handler took <N>ms
[Violation] 'requestAnimationFrame' handler took <N>ms
[Violation] 'requestAnimationFrame' handler took <N>ms
[Violation] 'requestAnimationFrame' handler took <N>ms
[Violation] 'requestAnimationFrame' handler took <N>ms
[Violation] 'requestAnimationFrame' handler took <N>ms
[Violation] 'requestAnimationFrame' handler took <N>ms
[Violation] 'requestAnimationFrame' handler took <N>ms
[Violation] 'requestAnimationFrame' handler took <N>ms
[Violation] 'requestAnimationFrame' handler took <N>ms
[Violation] 'requestAnimationFrame' handler took <N>ms
[Violation] 'requestAnimationFrame' handler took <N>ms
[Violation] 'requestAnimationFrame' handler took <N>ms
[Violation] 'requestAnimationFrame' handler took <N>ms
[Violation] 'requestAnimationFrame' handler took <N>ms
[Violation] 'requestAnimationFrame' handler took <N>ms
[Violation] 'requestAnimationFrame' handler took <N>ms
[Violation] 'requestAnimationFrame' handler took <N>ms
[Violation] 'requestAnimationFrame' handler took <N>ms
[Violation] 'requestAnimationFrame' handler took <N>ms
[Violation] 'requestAnimationFrame' handler took <N>ms
[Violation] 'requestAnimationFrame' handler took <N>ms
[Violation] 'requestAnimationFrame' handler took <N>ms
[Violation] 'requestAnimationFrame' handler took <N>ms
[Violation] 'requestAnimationFrame' handler took <N>ms
[Violation] 'requestAnimationFrame' handler took <N>ms
[Violation] 'requestAnimationFrame' handler took <N>ms
[Violation] 'requestAnimationFrame' handler took <N>ms
[Violation] 'requestAnimationFrame' handler took <N>ms
[Violation] 'requestAnimationFrame' handler took <N>ms
[Violation] 'requestAnimationFrame' handler took <N>ms
[Violation] 'requestAnimationFrame' handler took <N>ms
[Violation] 'requestAnimationFrame' handler took <N>ms
[Violation] 'requestAnimationFrame' handler took <N>ms
[Violation] 'requestAnimationFrame' handler took <N>ms
[Violation] 'requestAnimationFrame' handler took <N>ms
[Violation] 'requestAnimationFrame' handler took <N>ms
[Violation] 'requestAnimationFrame' handler took <N>ms
[Violation] 'requestAnimationFrame' handler took <N>ms
[Violation] 'requestAnimationFrame' handler took <N>ms
[Violation] 'requestAnimationFrame' handler took <N>ms
[Violation] 'requestAnimationFrame' handler took <N>ms
[Violation] 'requestAnimationFrame' handler took <N>ms
[Violation] 'requestAnimationFrame' handler took <N>ms
[Violation] 'requestAnimationFrame' handler took <N>ms
[Violation] 'requestAnimationFrame' handler took <N>ms
[Violation] 'requestAnimationFrame' handler took <N>ms
[Violation] 'requestAnimationFrame' handler took <N>ms
[Violation] 'requestAnimationFrame' handler took <N>ms
[Violation] 'requestAnimationFrame' handler took <N>ms
[Violation] 'requestAnimationFrame' handler took <N>ms
[Violation] 'requestAnimationFrame' handler took <N>ms
[Violation] 'requestAnimationFrame' handler took <N>ms
[Violation] 'requestAnimationFrame' handler took <N>ms
[Violation] 'requestAnimationFrame' handler took <N>ms
[Violation] 'requestAnimationFrame' handler took <N>ms
[Violation] 'requestAnimationFrame' handler took <N>ms
[Violation] 'requestAnimationFrame' handler took <N>ms
[Violation] 'requestAnimationFrame' handler took <N>ms
[Violation] 'requestAnimationFrame' handler took <N>ms
[Violation] 'requestAnimationFrame' handler took <N>ms
[Violation] 'requestAnimationFrame' handler took <N>ms
[Violation] 'requestAnimationFrame' handler took <N>ms
[Violation] 'requestAnimationFrame' handler took <N>ms
[Violation] 'requestAnimationFrame' handler took <N>ms
[Violation] 'requestAnimationFrame' handler took <N>ms
[Violation] 'requestAnimationFrame' handler took <N>ms
[Violation] 'requestAnimationFrame' handler took <N>ms
[Violation] 'requestAnimationFrame' handler took <N>ms
[Violation] 'requestAnimationFrame' handler took <N>ms
[Violation] 'requestAnimationFrame' handler took <N>ms
[Violation] 'requestAnimationFrame' handler took <N>ms
[Violation] 'requestAnimationFrame' handler took <N>ms
[Violation] 'requestAnimationFrame' handler took <N>ms
[Violation] 'requestAnimationFrame' handler took <N>ms
[Violation] 'requestAnimationFrame' handler took <N>ms
[Violation] 'requestAnimationFrame' handler took <N>ms
[Violation] 'requestAnimationFrame' handler took <N>ms
[Violation] 'requestAnimationFrame' handler took <N>ms
[Violation] 'requestAnimationFrame' handler took <N>ms
[Violation] 'requestAnimationFrame' handler took <N>ms
[Violation] 'requestAnimationFrame' handler took <N>ms
[Violation] 'requestAnimationFrame' handler took <N>ms
[Violation] 'requestAnimationFrame' handler took <N>ms
[Violation] 'requestAnimationFrame' handler took <N>ms
[Violation] 'requestAnimationFrame' handler took <N>ms
[Violation] 'requestAnimationFrame' handler took <N>ms
[Violation] 'requestAnimationFrame' handler took <N>ms
[Violation] 'requestAnimationFrame' handler took <N>ms
[Violation] 'requestAnimationFrame' handler took <N>ms
[Violation] 'requestAnimationFrame' handler took <N>ms
[Violation] 'requestAnimationFrame' handler took <N>ms
[Violation] 'requestAnimationFrame' handler took <N>ms
[Violation] 'requestAnimationFrame' handler took <N>ms
[Violation] 'requestAnimationFrame' handler took <N>ms
[Violation] 'requestAnimationFrame' handler took <N>ms
[Violation] 'requestAnimationFrame' handler took <N>ms
[Violation] 'requestAnimationFrame' handler took <N>ms
[Violation] 'requestAnimationFrame' handler took <N>ms
[Violation] 'requestAnimationFrame' handler took <N>ms
[Violation] 'requestAnimationFrame' handler took <N>ms
[Violation] 'requestAnimationFrame' handler took <N>ms
[Violation] 'requestAnimationFrame' handler took <N>ms
[Violation] 'requestAnimationFrame' handler took <N>ms
[Violation] 'requestAnimationFrame' handler took <N>ms
[Violation] 'requestAnimationFrame' handler took <N>ms
[Violation] 'requestAnimationFrame' handler took <N>ms
[Violation] 'requestAnimationFrame' handler took <N>ms
[Violation] 'requestAnimationFrame' handler took <N>ms
[Violation] 'requestAnimationFrame' handler took <N>ms
[Violation] 'requestAnimationFrame' handler took <N>ms
[Violation] 'requestAnimationFrame' handler took <N>ms
[Violation] 'requestAnimationFrame' handler took <N>ms
[Violation] 'requestAnimationFrame' handler took <N>ms
[Violation] 'requestAnimationFrame' handler took <N>ms
[Violation] 'requestAnimationFrame' handler took <N>ms
[Violation] 'requestAnimationFrame' handler took <N>ms
[Violation] 'requestAnimationFrame' handler took <N>ms
[Violation] 'requestAnimationFrame' handler took <N>ms
[Violation] 'requestAnimationFrame' handler took <N>ms
[Violation] 'requestAnimationFrame' handler took <N>ms
[Violation] 'requestAnimationFrame' handler took <N>ms
[Violation] 'requestAnimationFrame' handler took <N>ms
[Violation] 'requestAnimationFrame' handler took <N>ms
[Violation] 'requestAnimationFrame' handler took <N>ms
[Violation] 'requestAnimationFrame' handler took <N>ms
[Violation] 'requestAnimationFrame' handler took <N>ms
[Violation] 'requestAnimationFrame' handler took <N>ms
[Violation] 'requestAnimationFrame' handler took <N>ms
[Violation] 'requestAnimationFrame' handler took <N>ms
[Violation] 'requestAnimationFrame' handler took <N>ms
[Violation] 'requestAnimationFrame' handler took <N>ms
[Violation] 'requestAnimationFrame' handler took <N>ms
[Violation] 'requestAnimationFrame' handler took <N>ms
[Violation] 'requestAnimationFrame' handler took <N>ms
[Violation] 'requestAnimationFrame' handler took <N>ms
[Violation] 'requestAnimationFrame' handler took <N>ms
[Violation] 'requestAnimationFrame' handler took <N>ms
[Violation] 'requestAnimationFrame' handler took <N>ms
[Violation] 'requestAnimationFrame' handler took <N>ms
[Violation] 'requestAnimationFrame' handler took <N>ms
[Violation] 'requestAnimationFrame' handler took <N>ms
[Violation] 'requestAnimationFrame' handler took <N>ms
[Violation] 'requestAnimationFrame' handler took <N>ms
[Violation] 'requestAnimationFrame' handler took <N>ms
[Violation] 'requestAnimationFrame' handler took <N>ms
[Violation] 'requestAnimationFrame' handler took <N>ms
[Violation] 'requestAnimationFrame' handler took <N>ms
[Violation] 'requestAnimationFrame' handler took <N>ms
[Violation] 'requestAnimationFrame' handler took <N>ms
[Violation] 'requestAnimationFrame' handler took <N>ms
[Violation] 'requestAnimationFrame' handler took <N>ms
[Violation] 'requestAnimationFrame' handler took <N>ms
[Violation] 'requestAnimationFrame' handler took <N>ms
[Violation] 'requestAnimationFrame' handler took <N>ms
[Violation] 'requestAnimationFrame' handler took <N>ms
[Violation] 'requestAnimationFrame' handler took <N>ms
[Violation] 'requestAnimationFrame' handler took <N>ms
[Violation] 'requestAnimationFrame' handler took <N>ms
[Violation] 'requestAnimationFrame' handler took <N>ms
[Violation] 'requestAnimationFrame' handler took <N>ms
[Violation] 'requestAnimationFrame' handler took <N>ms
[Violation] 'requestAnimationFrame' handler took <N>ms
[Violation] 'requestAnimationFrame' handler took <N>ms
[Violation] 'requestAnimationFrame' handler took <N>ms
[Violation] 'requestAnimationFrame' handler took <N>ms
[Violation] 'requestAnimationFrame' handler took <N>ms
[Violation] 'requestAnimationFrame' handler took <N>ms
[Violation] 'requestAnimationFrame' handler took <N>ms
[Violation] 'requestAnimationFrame' handler took <N>ms
[Violation] 'requestAnimationFrame' handler took <N>ms
[Violation] 'requestAnimationFrame' handler took <N>ms
[Violation] 'requestAnimationFrame' handler took <N>ms
[Violation] 'requestAnimationFrame' handler took <N>ms
[Violation] 'requestAnimationFrame' handler took <N>ms
[Violation] 'requestAnimationFrame' handler took <N>ms
[Violation] 'requestAnimationFrame' handler took <N>ms
[Violation] 'requestAnimationFrame' handler took <N>ms
[Violation] 'requestAnimationFrame' handler took <N>ms
[Violation] 'requestAnimationFrame' handler took <N>ms
[Violation] 'requestAnimationFrame' handler took <N>ms
[Violation] 'requestAnimationFrame' handler took <N>ms
[Violation] 'requestAnimationFrame' handler took <N>ms
[Violation] 'requestAnimationFrame' handler took <N>ms
[Violation] 'requestAnimationFrame' handler took <N>ms
[Violation] 'requestAnimationFrame' handler took <N>ms
[Violation] 'requestAnimationFrame' handler took <N>ms
[Violation] 'requestAnimationFrame' handler took <N>ms
[Violation] 'requestAnimationFrame' handler took <N>ms
[Violation] 'requestAnimationFrame' handler took <N>ms
[Violation] 'requestAnimationFrame' handler took <N>ms
[Violation] 'requestAnimationFrame' handler took <N>ms
[Violation] 'requestAnimationFrame' handler took <N>ms
[Violation] 'requestAnimationFrame' handler took <N>ms
[Violation] 'requestAnimationFrame' handler took <N>ms
[Violation] 'requestAnimationFrame' handler took <N>ms
[Violation] 'requestAnimationFrame' handler took <N>ms
[Violation] 'requestAnimationFrame' handler took <N>ms
[Violation] 'requestAnimationFrame' handler took <N>ms
[Violation] 'requestAnimationFrame' handler took <N>ms
[Violation] 'requestAnimationFrame' handler took <N>ms
[Violation] 'requestAnimationFrame' handler took <N>ms
[Violation] 'requestAnimationFrame' handler took <N>ms
[Violation] 'requestAnimationFrame' handler took <N>ms
[Violation] 'requestAnimationFrame' handler took <N>ms
[Violation] 'requestAnimationFrame' handler took <N>ms
[Violation] 'requestAnimationFrame' handler took <N>ms
[Violation] 'requestAnimationFrame' handler took <N>ms
[Violation] 'requestAnimationFrame' handler took <N>ms
[Violation] 'requestAnimationFrame' handler took <N>ms
[Violation] 'requestAnimationFrame' handler took <N>ms
[Violation] 'requestAnimationFrame' handler took <N>ms
[Violation] 'requestAnimationFrame' handler took <N>ms
[Violation] 'requestAnimationFrame' handler took <N>ms
[Violation] 'requestAnimationFrame' handler took <N>ms
[Violation] 'requestAnimationFrame' handler took <N>ms
[Violation] 'requestAnimationFrame' handler took <N>ms
[Violation] 'requestAnimationFrame' handler took <N>ms
[Violation] 'requestAnimationFrame' handler took <N>ms
[Violation] 'requestAnimationFrame' handler took <N>ms
[Violation] 'requestAnimationFrame' handler took <N>ms
[Violation] 'requestAnimationFrame' handler took <N>ms
[Violation] 'requestAnimationFrame' handler took <N>ms
[Violation] 'requestAnimationFrame' handler took <N>ms
[Violation] 'requestAnimationFrame' handler took <N>ms
[Violation] 'requestAnimationFrame' handler took <N>ms
[Violation] 'requestAnimationFrame' handler took <N>ms
[Violation] 'requestAnimationFrame' handler took <N>ms
[Violation] 'requestAnimationFrame' handler took <N>ms
[Violation] 'requestAnimationFrame' handler took <N>ms
[Violation] 'requestAnimationFrame' handler took <N>ms
[Violation] 'requestAnimationFrame' handler took <N>ms
[Violation] 'requestAnimationFrame' handler took <N>ms
[Violation] 'requestAnimationFrame' handler took <N>ms
[Violation] 'requestAnimationFrame' handler took <N>ms
[Violation] 'requestAnimationFrame' handler took <N>ms
[Violation] 'requestAnimationFrame' handler took <N>ms
[Violation] 'requestAnimationFrame' handler took <N>ms
[Violation] 'requestAnimationFrame' handler took <N>ms
[Violation] 'requestAnimationFrame' handler took <N>ms
[Violation] 'requestAnimationFrame' handler took <N>ms
[Violation] 'requestAnimationFrame' handler took <N>ms
[Violation] 'requestAnimationFrame' handler took <N>ms
[Violation] 'requestAnimationFrame' handler took <N>ms
[Violation] 'requestAnimationFrame' handler took <N>ms
[Violation] 'requestAnimationFrame' handler took <N>ms
[Violation] 'requestAnimationFrame' handler took <N>ms
[Violation] 'requestAnimationFrame' handler took <N>ms
[Violation] 'requestAnimationFrame' handler took <N>ms
[Violation] 'requestAnimationFrame' handler took <N>ms
[Violation] 'requestAnimationFrame' handler took <N>ms
[Violation] 'requestAnimationFrame' handler took <N>ms
[Violation] 'requestAnimationFrame' handler took <N>ms
[Violation] 'requestAnimationFrame' handler took <N>ms
[Violation] 'requestAnimationFrame' handler took <N>ms
[Violation] 'requestAnimationFrame' handler took <N>ms
[Violation] 'requestAnimationFrame' handler took <N>ms
[Violation] 'requestAnimationFrame' handler took <N>ms
[Violation] 'requestAnimationFrame' handler took <N>ms
[Violation] 'requestAnimationFrame' handler took <N>ms
[Violation] 'requestAnimationFrame' handler took <N>ms
[Violation] 'requestAnimationFrame' handler took <N>ms
[Violation] 'requestAnimationFrame' handler took <N>ms
[Violation] 'requestAnimationFrame' handler took <N>ms
[Violation] 'requestAnimationFrame' handler took <N>ms
[Violation] 'requestAnimationFrame' handler took <N>ms
[Violation] 'requestAnimationFrame' handler took <N>ms
[Violation] 'requestAnimationFrame' handler took <N>ms
[Violation] 'requestAnimationFrame' handler took <N>ms
[Violation] 'requestAnimationFrame' handler took <N>ms
[Violation] 'requestAnimationFrame' handler took <N>ms
[Violation] 'requestAnimationFrame' handler took <N>ms
[Violation] 'requestAnimationFrame' handler took <N>ms
[Violation] 'requestAnimationFrame' handler took <N>ms
[Violation] 'requestAnimationFrame' handler took <N>ms
[Violation] 'requestAnimationFrame' handler took <N>ms
[Violation] 'requestAnimationFrame' handler took <N>ms
[Violation] 'requestAnimationFrame' handler took <N>ms
[Violation] 'requestAnimationFrame' handler took <N>ms
[Violation] 'requestAnimationFrame' handler took <N>ms
[Violation] 'requestAnimationFrame' handler took <N>ms
[Violation] 'requestAnimationFrame' handler took <N>ms
[Violation] 'requestAnimationFrame' handler took <N>ms
[Violation] 'requestAnimationFrame' handler took <N>ms
[Violation] 'requestAnimationFrame' handler took <N>ms
[Violation] 'requestAnimationFrame' handler took <N>ms
[Violation] 'requestAnimationFrame' handler took <N>ms
[Violation] 'requestAnimationFrame' handler took <N>ms
[Violation] 'requestAnimationFrame' handler took <N>ms
[Violation] 'requestAnimationFrame' handler took <N>ms
[Violation] 'requestAnimationFrame' handler took <N>ms
[Violation] 'requestAnimationFrame' handler took <N>ms
[Violation] 'requestAnimationFrame' handler took <N>ms
[Violation] 'requestAnimationFrame' handler took <N>ms
[Violation] 'requestAnimationFrame' handler took <N>ms
[Violation] 'requestAnimationFrame' handler took <N>ms
[Violation] 'requestAnimationFrame' handler took <N>ms
[Violation] 'requestAnimationFrame' handler took <N>ms
[Violation] 'requestAnimationFrame' handler took <N>ms
[Violation] 'requestAnimationFrame' handler took <N>ms
[Violation] 'requestAnimationFrame' handler took <N>ms
[Violation] 'requestAnimationFrame' handler took <N>ms
[Violation] 'requestAnimationFrame' handler took <N>ms
[Violation] 'requestAnimationFrame' handler took <N>ms
[Violation] 'requestAnimationFrame' handler took <N>ms
[Violation] 'requestAnimationFrame' handler took <N>ms
[Violation] 'requestAnimationFrame' handler took <N>ms
[Violation] 'requestAnimationFrame' handler took <N>ms
[Violation] 'requestAnimationFrame' handler took <N>ms
[Violation] 'requestAnimationFrame' handler took <N>ms
[Violation] 'requestAnimationFrame' handler took <N>ms
[Violation] 'requestAnimationFrame' handler took <N>ms
[Violation] 'requestAnimationFrame' handler took <N>ms
[Violation] 'requestAnimationFrame' handler took <N>ms
[Violation] 'requestAnimationFrame' handler took <N>ms
[Violation] 'requestAnimationFrame' handler took <N>ms
[Violation] 'requestAnimationFrame' handler took <N>ms
[Violation] 'requestAnimationFrame' handler took <N>ms
[Violation] 'requestAnimationFrame' handler took <N>ms
[Violation] 'requestAnimationFrame' handler took <N>ms
[Violation] 'requestAnimationFrame' handler took <N>ms
[Violation] 'requestAnimationFrame' handler took <N>ms
[Violation] 'requestAnimationFrame' handler took <N>ms
[Violation] 'requestAnimationFrame' handler took <N>ms
[Violation] 'requestAnimationFrame' handler took <N>ms
[Violation] 'requestAnimationFrame' handler took <N>ms
[Violation] 'requestAnimationFrame' handler took <N>ms
[Violation] 'requestAnimationFrame' handler took <N>ms
[Violation] 'requestAnimationFrame' handler took <N>ms
[Violation] 'requestAnimationFrame' handler took <N>ms
[Violation] 'requestAnimationFrame' handler took <N>ms
[Violation] 'requestAnimationFrame' handler took <N>ms
[Violation] 'requestAnimationFrame' handler took <N>ms
[Violation] 'requestAnimationFrame' handler took <N>ms
[Violation] 'requestAnimationFrame' handler took <N>ms
[Violation] 'requestAnimationFrame' handler took <N>ms
[Violation] 'requestAnimationFrame' handler took <N>ms
[Violation] 'requestAnimationFrame' handler took <N>ms
[Violation] 'requestAnimationFrame' handler took <N>ms
[Violation] 'requestAnimationFrame' handler took <N>ms
[Violation] 'requestAnimationFrame' handler took <N>ms
[Violation] 'requestAnimationFrame' handler took <N>ms
[Violation] 'requestAnimationFrame' handler took <N>ms
[Violation] 'requestAnimationFrame' handler took <N>ms
[Violation] 'requestAnimationFrame' handler took <N>ms
[Violation] 'requestAnimationFrame' handler took <N>ms
[Violation] 'requestAnimationFrame' handler took <N>ms
[Violation] 'requestAnimationFrame' handler took <N>ms
[Violation] 'requestAnimationFrame' handler took <N>ms
[Violation] 'requestAnimationFrame' handler took <N>ms
[Violation] 'requestAnimationFrame' handler took <N>ms
[Violation] 'requestAnimationFrame' handler took <N>ms
[Violation] 'requestAnimationFrame' handler took <N>ms
[Violation] 'requestAnimationFrame' handler took <N>ms
[Violation] 'requestAnimationFrame' handler took <N>ms
[Violation] 'requestAnimationFrame' handler took <N>ms
[Violation] 'requestAnimationFrame' handler took <N>ms
[Violation] 'requestAnimationFrame' handler took <N>ms
[Violation] 'requestAnimationFrame' handler took <N>ms
[Violation] 'requestAnimationFrame' handler took <N>ms
[Violation] 'requestAnimationFrame' handler took <N>ms
[Violation] 'requestAnimationFrame' handler took <N>ms
[Violation] 'requestAnimationFrame' handler took <N>ms
[Violation] 'requestAnimationFrame' handler took <N>ms
[Violation] 'requestAnimationFrame' handler took <N>ms
[Violation] 'requestAnimationFrame' handler took <N>ms
[Violation] 'requestAnimationFrame' handler took <N>ms
[Violation] 'requestAnimationFrame' handler took <N>ms
[Violation] 'requestAnimationFrame' handler took <N>ms
[Violation] 'requestAnimationFrame' handler took <N>ms
[Violation] 'requestAnimationFrame' handler took <N>ms
[Violation] 'requestAnimationFrame' handler took <N>ms
[Violation] 'requestAnimationFrame' handler took <N>ms
[Violation] 'requestAnimationFrame' handler took <N>ms
[Violation] 'requestAnimationFrame' handler took <N>ms
[Violation] 'requestAnimationFrame' handler took <N>ms
[Violation] 'requestAnimationFrame' handler took <N>ms
[Violation] 'requestAnimationFrame' handler took <N>ms
[Violation] 'requestAnimationFrame' handler took <N>ms
[Violation] 'requestAnimationFrame' handler took <N>ms
[Violation] 'requestAnimationFrame' handler took <N>ms
[Violation] 'requestAnimationFrame' handler took <N>ms
[Violation] 'requestAnimationFrame' handler took <N>ms
[Violation] 'requestAnimationFrame' handler took <N>ms
[Violation] 'requestAnimationFrame' handler took <N>ms
[Violation] 'requestAnimationFrame' handler took <N>ms
[Violation] 'requestAnimationFrame' handler took <N>ms
[Violation] 'requestAnimationFrame' handler took <N>ms
[Violation] 'requestAnimationFrame' handler took <N>ms
[Violation] 'requestAnimationFrame' handler took <N>ms
[Violation] 'requestAnimationFrame' handler took <N>ms
[Violation] 'requestAnimationFrame' handler took <N>ms
[Violation] 'requestAnimationFrame' handler took <N>ms
[Violation] 'requestAnimationFrame' handler took <N>ms
[Violation] 'requestAnimationFrame' handler took <N>ms
[Violation] 'requestAnimationFrame' handler took <N>ms
[Violation] 'requestAnimationFrame' handler took <N>ms
[Violation] 'requestAnimationFrame' handler took <N>ms
[Violation] 'requestAnimationFrame' handler took <N>ms
[Violation] 'requestAnimationFrame' handler took <N>ms
[Violation] 'requestAnimationFrame' handler took <N>ms
[Violation] 'requestAnimationFrame' handler took <N>ms
[Violation] 'requestAnimationFrame' handler took <N>ms
[Violation] 'requestAnimationFrame' handler took <N>ms
[Violation] 'requestAnimationFrame' handler took <N>ms
[Violation] 'requestAnimationFrame' handler took <N>ms
[Violation] 'requestAnimationFrame' handler took <N>ms
[Violation] 'requestAnimationFrame' handler took <N>ms
[Violation] 'requestAnimationFrame' handler took <N>ms
[Violation] 'requestAnimationFrame' handler took <N>ms
[Violation] 'requestAnimationFrame' handler took <N>ms
[Violation] 'requestAnimationFrame' handler took <N>ms
[Violation] 'requestAnimationFrame' handler took <N>ms
[Violation] 'requestAnimationFrame' handler took <N>ms
[Violation] 'requestAnimationFrame' handler took <N>ms
[Violation] 'requestAnimationFrame' handler took <N>ms
[Violation] 'requestAnimationFrame' handler took <N>ms
[Violation] 'requestAnimationFrame' handler took <N>ms
[Violation] 'requestAnimationFrame' handler took <N>ms
[Violation] 'requestAnimationFrame' handler took <N>ms
[Violation] 'requestAnimationFrame' handler took <N>ms
[Violation] 'requestAnimationFrame' handler took <N>ms
[Violation] 'requestAnimationFrame' handler took <N>ms
[Violation] 'requestAnimationFrame' handler took <N>ms
[Violation] 'requestAnimationFrame' handler took <N>ms
[Violation] 'requestAnimationFrame' handler took <N>ms
[Violation] 'requestAnimationFrame' handler took <N>ms
[Violation] 'requestAnimationFrame' handler took <N>ms
[Violation] 'requestAnimationFrame' handler took <N>ms
[Violation] 'requestAnimationFrame' handler took <N>ms
[Violation] 'requestAnimationFrame' handler took <N>ms
[Violation] 'requestAnimationFrame' handler took <N>ms
[Violation] 'requestAnimationFrame' handler took <N>ms
[Violation] 'requestAnimationFrame' handler took <N>ms
[Violation] 'requestAnimationFrame' handler took <N>ms
[Violation] 'requestAnimationFrame' handler took <N>ms
[Violation] 'requestAnimationFrame' handler took <N>ms
[Violation] 'requestAnimationFrame' handler took <N>ms
[Violation] 'requestAnimationFrame' handler took <N>ms
[Violation] 'requestAnimationFrame' handler took <N>ms
[Violation] 'requestAnimationFrame' handler took <N>ms
[Violation] 'requestAnimationFrame' handler took <N>ms
[Violation] 'requestAnimationFrame' handler took <N>ms
[Violation] 'requestAnimationFrame' handler took <N>ms
[Violation] 'requestAnimationFrame' handler took <N>ms
[Violation] 'requestAnimationFrame' handler took <N>ms
[Violation] 'requestAnimationFrame' handler took <N>ms
[Violation] 'requestAnimationFrame' handler took <N>ms
[Violation] 'requestAnimationFrame' handler took <N>ms
[Violation] 'requestAnimationFrame' handler took <N>ms
[Violation] 'requestAnimationFrame' handler took <N>ms
[Violation] 'requestAnimationFrame' handler took <N>ms
[Violation] 'requestAnimationFrame' handler took <N>ms
[Violation] 'requestAnimationFrame' handler took <N>ms
[Violation] 'requestAnimationFrame' handler took <N>ms
[Violation] 'requestAnimationFrame' handler took <N>ms
[Violation] 'requestAnimationFrame' handler took <N>ms
[Violation] 'requestAnimationFrame' handler took <N>ms
[Violation] 'requestAnimationFrame' handler took <N>ms
[Violation] 'requestAnimationFrame' handler took <N>ms
[Violation] 'requestAnimationFrame' handler took <N>ms
[Violation] 'requestAnimationFrame' handler took <N>ms
[Violation] 'requestAnimationFrame' handler took <N>ms
[Violation] 'requestAnimationFrame' handler took <N>ms
[Violation] 'requestAnimationFrame' handler took <N>ms
[Violation] 'requestAnimationFrame' handler took <N>ms
[Violation] 'requestAnimationFrame' handler took <N>ms
[Violation] 'requestAnimationFrame' handler took <N>ms
[Violation] 'requestAnimationFrame' handler took <N>ms
[Violation] 'requestAnimationFrame' handler took <N>ms
[Violation] 'requestAnimationFrame' handler took <N>ms
[Violation] 'requestAnimationFrame' handler took <N>ms
[Violation] 'requestAnimationFrame' handler took <N>ms
[Violation] 'requestAnimationFrame' handler took <N>ms
[Violation] 'requestAnimationFrame' handler took <N>ms
[Violation] 'requestAnimationFrame' handler took <N>ms
[Violation] 'requestAnimationFrame' handler took <N>ms
[Violation] 'requestAnimationFrame' handler took <N>ms
[Violation] 'requestAnimationFrame' handler took <N>ms
[Violation] 'requestAnimationFrame' handler took <N>ms
[Violation] 'requestAnimationFrame' handler took <N>ms
[Violation] 'requestAnimationFrame' handler took <N>ms
[Violation] 'requestAnimationFrame' handler took <N>ms
[Violation] 'requestAnimationFrame' handler took <N>ms
[Violation] 'requestAnimationFrame' handler took <N>ms
[Violation] 'requestAnimationFrame' handler took <N>ms
[Violation] 'requestAnimationFrame' handler took <N>ms
[Violation] 'requestAnimationFrame' handler took <N>ms
[Violation] 'requestAnimationFrame' handler took <N>ms
[Violation] 'requestAnimationFrame' handler took <N>ms
[Violation] 'requestAnimationFrame' handler took <N>ms
[Violation] 'requestAnimationFrame' handler took <N>ms
[Violation] 'requestAnimationFrame' handler took <N>ms
[Violation] 'requestAnimationFrame' handler took <N>ms
[Violation] 'requestAnimationFrame' handler took <N>ms
[Violation] 'requestAnimationFrame' handler took <N>ms
[Violation] 'requestAnimationFrame' handler took <N>ms
[Violation] 'requestAnimationFrame' handler took <N>ms
[Violation] 'requestAnimationFrame' handler took <N>ms
[Violation] 'requestAnimationFrame' handler took <N>ms
[Violation] 'requestAnimationFrame' handler took <N>ms
[Violation] 'requestAnimationFrame' handler took <N>ms
[Violation] 'requestAnimationFrame' handler took <N>ms
[Violation] 'requestAnimationFrame' handler took <N>ms
[Violation] 'requestAnimationFrame' handler took <N>ms
[Violation] 'requestAnimationFrame' handler took <N>ms
[Violation] 'requestAnimationFrame' handler took <N>ms
[Violation] 'requestAnimationFrame' handler took <N>ms
[Violation] 'requestAnimationFrame' handler took <N>ms
[Violation] 'requestAnimationFrame' handler took <N>ms
[Violation] 'requestAnimationFrame' handler took <N>ms
[Violation] 'requestAnimationFrame' handler took <N>ms
[Violation] 'requestAnimationFrame' handler took <N>ms
[Violation] 'requestAnimationFrame' handler took <N>ms
[Violation] 'requestAnimationFrame' handler took <N>ms
[Violation] 'requestAnimationFrame' handler took <N>ms
[Violation] 'requestAnimationFrame' handler took <N>ms
[Violation] 'requestAnimationFrame' handler took <N>ms
[Violation] 'requestAnimationFrame' handler took <N>ms
[Violation] 'requestAnimationFrame' handler took <N>ms
[Violation] 'requestAnimationFrame' handler took <N>ms
[Violation] 'requestAnimationFrame' handler took <N>ms
[Violation] 'requestAnimationFrame' handler took <N>ms
[Violation] 'requestAnimationFrame' handler took <N>ms
[Violation] 'requestAnimationFrame' handler took <N>ms
[Violation] 'requestAnimationFrame' handler took <N>ms
VegetationSystem.js:1005 Increasing vegetation density to 0.92 due to good performance (60.1 FPS, 272936 triangles)
VegetationSystem.js:1005 Increasing vegetation density to 0.94 due to good performance (59.8 FPS, 287216 triangles)
VegetationSystem.js:1005 Increasing vegetation density to 0.96 due to good performance (60.0 FPS, 280204 triangles)
VegetationSystem.js:1005 Increasing vegetation density to 0.98 due to good performance (59.9 FPS, 269904 triangles)
VegetationSystem.js:1005 Increasing vegetation density to 1.00 due to good performance (59.9 FPS, 262134 triangles)
LandmarkSystem.js:564 Creating crystal_formation landmark at -53643.53469706847, 19098.38739608745
WorldSystem.js:2948 Creating oasis landmark at -83542.15560799895, 10450.759072252746
LandmarkSystem.js:564 Creating magical_circle landmark at -86315.19137943679, 23149.045606570297
WorldSystem.js:2948 Creating stone_arch landmark at -157445.9635691027, 41468.39436927145
WorldSystem.js:2948 Creating magical_circle landmark at -178314.45036104752, 40217.35413940548
LandmarkSystem.js:564 Creating magical_circle landmark at -189836.0316128282, 48810.21676781185
LandmarkSystem.js:564 Creating crystal_formation landmark at -199889.89819802446, 39301.963859367264
WorldSystem.js:2948 Creating magical_circle landmark at -244850.888709613, 56653.77056786812
LandmarkSystem.js:564 Creating magical_circle landmark at -262533.5364315586, 54221.369263527566
WorldSystem.js:2948 Creating ancient_ruins landmark at -276731.1010513372, 56308.96391335876
WorldSystem.js:2948 Creating magical_circle landmark at -289139.59960519144, 61649.508692922565
LandmarkSystem.js:564 Creating magical_circle landmark at -370524.72917645273, 78732.27764616467
LandmarkSystem.js:564 Creating magical_circle landmark at -375203.88964109385, 78050.8956127462
LandmarkSystem.js:564 Creating magical_circle landmark at -389187.9979427285, 88185.58398966835
WorldSystem.js:2948 Creating ancient_ruins landmark at -424194.8043722431, 85126.8100870075
WorldSystem.js:2948 Creating stone_arch landmark at -454996.6183009887, 87489.75146350483
LandmarkSystem.js:564 Creating crystal_formation landmark at -469263.3370540608, 91444.16549449493
LandmarkSystem.js:564 Creating crystal_formation landmark at -602573.0891041997, 121261.94267686708
WorldSystem.js:2948 Creating stone_arch landmark at -613001.9528639466, 131745.80030339558
WorldSystem.js:2948 Creating crystal_formation landmark at -639430.9032300698, 128129.07749435263
LandmarkSystem.js:564 Creating crystal_formation landmark at -663100.1567106182, 142098.92386902968
WorldSystem.js:2948 Creating stone_arch landmark at -667815.4767778234, 128241.84093667669
LandmarkSystem.js:564 Creating magical_circle landmark at -688156.9989567469, 144015.4794779736
WorldSystem.js:2948 Creating stone_arch landmark at -700025.7535090101, 149549.937935505
WorldSystem.js:2948 Creating stone_arch landmark at -769902.0026395496, 159658.75237269216
WorldSystem.js:2948 Creating oasis landmark at -821283.0978242647, 159540.01124246587
window.getPerformanceReport()
Engine.js?t=1743334709959:231 Performance Report: {averages: {…}, current: {…}, peaks: {…}}
{averages: {…}, current: {…}, peaks: {…}}
